{"numTotalTestSuites":662,"numPassedTestSuites":632,"numFailedTestSuites":30,"numPendingTestSuites":0,"numTotalTests":1903,"numPassedTests":1855,"numFailedTests":25,"numPendingTests":22,"numTodoTests":1,"snapshot":{"added":0,"failure":false,"filesAdded":0,"filesRemoved":0,"filesRemovedList":[],"filesUnmatched":0,"filesUpdated":0,"matched":0,"total":0,"unchecked":0,"uncheckedKeysByFile":[],"unmatched":0,"updated":0,"didUpdate":false},"startTime":1782668542999,"success":false,"testResults":[{"assertionResults":[{"ancestorTitles":["getDefaultRoute"],"fullName":"getDefaultRoute should always return /dashboard","status":"passed","title":"should always return /dashboard","duration":1.44399999999996,"failureMessages":[],"meta":{}},{"ancestorTitles":["useAuth","login"],"fullName":"useAuth login should call authService.signIn and set user on success","status":"passed","title":"should call authService.signIn and set user on success","duration":24.877300000000105,"failureMessages":[],"meta":{}},{"ancestorTitles":["useAuth","login"],"fullName":"useAuth login should propagate signIn errors","status":"passed","title":"should propagate signIn errors","duration":5.029199999999946,"failureMessages":[],"meta":{}},{"ancestorTitles":["useAuth","register"],"fullName":"useAuth register should return needsEmailVerification when no session","status":"passed","title":"should return needsEmailVerification when no session","duration":3.81269999999995,"failureMessages":[],"meta":{}},{"ancestorTitles":["useAuth","register"],"fullName":"useAuth register should create company when session exists","status":"passed","title":"should create company when session exists","duration":5.965799999999945,"failureMessages":[],"meta":{}},{"ancestorTitles":["useAuth","register"],"fullName":"useAuth register should set hasCompany to false if company creation fails","status":"passed","title":"should set hasCompany to false if company creation fails","duration":12.862900000000081,"failureMessages":[],"meta":{}},{"ancestorTitles":["useAuth","logout"],"fullName":"useAuth logout should call signOut and reset store","status":"passed","title":"should call signOut and reset store","duration":4.0615999999999985,"failureMessages":[],"meta":{}},{"ancestorTitles":["useAuth","loginWithGoogle"],"fullName":"useAuth loginWithGoogle should call signInWithGoogle on success","status":"passed","title":"should call signInWithGoogle on success","duration":2.712199999999939,"failureMessages":[],"meta":{}},{"ancestorTitles":["useAuth","loginWithGoogle"],"fullName":"useAuth loginWithGoogle should throw a friendly error for unsupported provider","status":"passed","title":"should throw a friendly error for unsupported provider","duration":3.0751000000000204,"failureMessages":[],"meta":{}},{"ancestorTitles":["useAuth","loginWithGoogle"],"fullName":"useAuth loginWithGoogle should throw a friendly error for unsupported provider message","status":"passed","title":"should throw a friendly error for unsupported provider message","duration":3.2053000000000793,"failureMessages":[],"meta":{}},{"ancestorTitles":["useAuth","loginWithGoogle"],"fullName":"useAuth loginWithGoogle should rethrow non-provider errors","status":"passed","title":"should rethrow non-provider errors","duration":2.9398999999998523,"failureMessages":[],"meta":{}}],"startTime":1782668554617,"endTime":1782668554687.94,"status":"passed","message":"","name":"C:/Users/menum/Downloads/adminmate-ai/src/hooks/useAuth.test.ts"},{"assertionResults":[{"ancestorTitles":["useSessionRestore"],"fullName":"useSessionRestore should set loading true at start","status":"passed","title":"should set loading true at start","duration":43.98880000000008,"failureMessages":[],"meta":{}},{"ancestorTitles":["useSessionRestore"],"fullName":"useSessionRestore should clear user when no valid session","status":"passed","title":"should clear user when no valid session","duration":4.796499999999924,"failureMessages":[],"meta":{}},{"ancestorTitles":["useSessionRestore"],"fullName":"useSessionRestore should set session and fetch profile on valid session","status":"failed","title":"should set session and fetch profile on valid session","duration":15.609800000000178,"failureMessages":["AssertionError: expected \"spy\" to be called with arguments: [ ObjectContaining{ΓÇª} ]\u001b[90m\n\nReceived: \n\n\u001b[39m\u001b[90m\n\nNumber of calls: \u001b[1m0\u001b[22m\n\u001b[39m\n    at Proxy.<anonymous> (file:///C:/Users/menum/Downloads/adminmate-ai/node_modules/@vitest/expect/dist/index.js:1465:13)\n    at Proxy.<anonymous> (file:///C:/Users/menum/Downloads/adminmate-ai/node_modules/@vitest/expect/dist/index.js:972:17)\n    at Proxy.methodWrapper (file:///C:/Users/menum/Downloads/adminmate-ai/node_modules/chai/index.js:1686:25)\n    at C:\\Users\\menum\\Downloads\\adminmate-ai\\src\\hooks\\useSessionRestore.test.tsx:121:28\n    at processTicksAndRejections (node:internal/process/task_queues:104:5)\n    at file:///C:/Users/menum/Downloads/adminmate-ai/node_modules/@vitest/runner/dist/index.js:533:5\n    at runTest (file:///C:/Users/menum/Downloads/adminmate-ai/node_modules/@vitest/runner/dist/index.js:1056:11)\n    at runSuite (file:///C:/Users/menum/Downloads/adminmate-ai/node_modules/@vitest/runner/dist/index.js:1205:15)\n    at runSuite (file:///C:/Users/menum/Downloads/adminmate-ai/node_modules/@vitest/runner/dist/index.js:1205:15)\n    at runFiles (file:///C:/Users/menum/Downloads/adminmate-ai/node_modules/@vitest/runner/dist/index.js:1262:5)"],"meta":{}},{"ancestorTitles":["useSessionRestore"],"fullName":"useSessionRestore should handle network errors gracefully","status":"passed","title":"should handle network errors gracefully","duration":3.4755999999997584,"failureMessages":[],"meta":{}},{"ancestorTitles":["useSessionRestore"],"fullName":"useSessionRestore should set loading false when done","status":"passed","title":"should set loading false when done","duration":6.9223000000001775,"failureMessages":[],"meta":{}}],"startTime":1782668561169,"endTime":1782668561243.9224,"status":"failed","message":"","name":"C:/Users/menum/Downloads/adminmate-ai/src/hooks/useSessionRestore.test.tsx"},{"assertionResults":[{"ancestorTitles":["authStorage"],"fullName":"authStorage should return null for non-existent keys","status":"passed","title":"should return null for non-existent keys","duration":1.8052999999999884,"failureMessages":[],"meta":{}},{"ancestorTitles":["authStorage"],"fullName":"authStorage should store and retrieve values","status":"passed","title":"should store and retrieve values","duration":0.8125,"failureMessages":[],"meta":{}},{"ancestorTitles":["authStorage"],"fullName":"authStorage should overwrite existing values","status":"passed","title":"should overwrite existing values","duration":0.3959999999997308,"failureMessages":[],"meta":{}},{"ancestorTitles":["authStorage"],"fullName":"authStorage should remove values","status":"passed","title":"should remove values","duration":0.278599999999642,"failureMessages":[],"meta":{}},{"ancestorTitles":["authStorage"],"fullName":"authStorage should handle multiple keys independently","status":"passed","title":"should handle multiple keys independently","duration":0.34589999999980137,"failureMessages":[],"meta":{}}],"startTime":1782668567987,"endTime":1782668567991.346,"status":"passed","message":"","name":"C:/Users/menum/Downloads/adminmate-ai/src/lib/authStorage.test.ts"},{"assertionResults":[{"ancestorTitles":["fetchSessionStatus"],"fullName":"fetchSessionStatus should return valid false when response is not successful","status":"passed","title":"should return valid false when response is not successful","duration":26.357700000000023,"failureMessages":[],"meta":{}},{"ancestorTitles":["fetchSessionStatus"],"fullName":"fetchSessionStatus should return valid false on network error","status":"passed","title":"should return valid false on network error","duration":0.9967000000001462,"failureMessages":[],"meta":{}},{"ancestorTitles":["fetchSessionStatus"],"fullName":"fetchSessionStatus should return valid false when upstream returns non-json content","status":"passed","title":"should return valid false when upstream returns non-json content","duration":0.6752000000001317,"failureMessages":[],"meta":{}},{"ancestorTitles":["fetchSessionStatus"],"fullName":"fetchSessionStatus should return valid true with tokens when successful","status":"passed","title":"should return valid true with tokens when successful","duration":0.694300000000112,"failureMessages":[],"meta":{}},{"ancestorTitles":["refreshAccessToken"],"fullName":"refreshAccessToken should return success true with tokens when valid","status":"passed","title":"should return success true with tokens when valid","duration":0.8020999999998821,"failureMessages":[],"meta":{}},{"ancestorTitles":["refreshAccessToken"],"fullName":"refreshAccessToken should return success false on network error","status":"passed","title":"should return success false on network error","duration":0.6774999999997817,"failureMessages":[],"meta":{}},{"ancestorTitles":["loginViaEdge"],"fullName":"loginViaEdge should send email and password to login endpoint","status":"passed","title":"should send email and password to login endpoint","duration":3.9984999999996944,"failureMessages":[],"meta":{}},{"ancestorTitles":["loginViaEdge"],"fullName":"loginViaEdge should return success false on network error","status":"passed","title":"should return success false on network error","duration":0.7048000000004322,"failureMessages":[],"meta":{}},{"ancestorTitles":["logoutViaEdge"],"fullName":"logoutViaEdge should call logout endpoint","status":"passed","title":"should call logout endpoint","duration":1.1907999999998538,"failureMessages":[],"meta":{}},{"ancestorTitles":["logoutViaEdge"],"fullName":"logoutViaEdge should not throw on network error","status":"passed","title":"should not throw on network error","duration":1.3863999999998668,"failureMessages":[],"meta":{}}],"startTime":1782668560728,"endTime":1782668560766.3865,"status":"passed","message":"","name":"C:/Users/menum/Downloads/adminmate-ai/src/lib/sessionApi.test.ts"},{"assertionResults":[{"ancestorTitles":["authService","signIn"],"fullName":"authService signIn should call supabase.auth.signInWithPassword with credentials","status":"passed","title":"should call supabase.auth.signInWithPassword with credentials","duration":5.302700000000186,"failureMessages":[],"meta":{}},{"ancestorTitles":["authService","signIn"],"fullName":"authService signIn should throw on auth error and record login attempt","status":"passed","title":"should throw on auth error and record login attempt","duration":3.0943999999999505,"failureMessages":[],"meta":{}},{"ancestorTitles":["authService","signIn"],"fullName":"authService signIn should clear rate limit on successful sign-in","status":"passed","title":"should clear rate limit on successful sign-in","duration":1.1372999999998683,"failureMessages":[],"meta":{}},{"ancestorTitles":["authService","signIn"],"fullName":"authService signIn should throw if rate limit is active","status":"passed","title":"should throw if rate limit is active","duration":1.0713999999998123,"failureMessages":[],"meta":{}},{"ancestorTitles":["authService","signIn"],"fullName":"authService signIn should allow sign-in if lockout has expired","status":"passed","title":"should allow sign-in if lockout has expired","duration":0.8049000000000888,"failureMessages":[],"meta":{}},{"ancestorTitles":["authService","signIn"],"fullName":"authService signIn should lockout after max attempts (5)","status":"passed","title":"should lockout after max attempts (5)","duration":1.2689000000000306,"failureMessages":[],"meta":{}},{"ancestorTitles":["authService","signUp"],"fullName":"authService signUp should call supabase.auth.signUp with correct params","status":"passed","title":"should call supabase.auth.signUp with correct params","duration":1.0938999999998487,"failureMessages":[],"meta":{}},{"ancestorTitles":["authService","signUp"],"fullName":"authService signUp should throw on sign-up error","status":"passed","title":"should throw on sign-up error","duration":0.7365999999997257,"failureMessages":[],"meta":{}},{"ancestorTitles":["authService","signOut"],"fullName":"authService signOut should call supabase.auth.signOut","status":"passed","title":"should call supabase.auth.signOut","duration":0.6384000000002743,"failureMessages":[],"meta":{}},{"ancestorTitles":["authService","signOut"],"fullName":"authService signOut should throw on signOut error","status":"passed","title":"should throw on signOut error","duration":0.764100000000326,"failureMessages":[],"meta":{}},{"ancestorTitles":["authService","signInWithGoogle"],"fullName":"authService signInWithGoogle should call signInWithOAuth with google provider","status":"passed","title":"should call signInWithOAuth with google provider","duration":0.9050000000002001,"failureMessages":[],"meta":{}},{"ancestorTitles":["authService","signInWithGoogle"],"fullName":"authService signInWithGoogle should throw on google sign-in error","status":"passed","title":"should throw on google sign-in error","duration":0.5956999999998516,"failureMessages":[],"meta":{}},{"ancestorTitles":["authService","resetPassword"],"fullName":"authService resetPassword should call resetPasswordForEmail with redirect","status":"passed","title":"should call resetPasswordForEmail with redirect","duration":0.6404999999999745,"failureMessages":[],"meta":{}},{"ancestorTitles":["authService","resetPassword"],"fullName":"authService resetPassword should throw on reset error","status":"passed","title":"should throw on reset error","duration":0.5765000000001237,"failureMessages":[],"meta":{}},{"ancestorTitles":["authService","updatePassword"],"fullName":"authService updatePassword should call updateUser with new password","status":"passed","title":"should call updateUser with new password","duration":0.664600000000064,"failureMessages":[],"meta":{}},{"ancestorTitles":["authService","updatePassword"],"fullName":"authService updatePassword should throw on update error","status":"passed","title":"should throw on update error","duration":0.5668000000000575,"failureMessages":[],"meta":{}},{"ancestorTitles":["authService","getSession"],"fullName":"authService getSession should return the session","status":"passed","title":"should return the session","duration":0.5137999999997191,"failureMessages":[],"meta":{}},{"ancestorTitles":["authService","getSession"],"fullName":"authService getSession should throw on session error","status":"passed","title":"should throw on session error","duration":0.6381999999998698,"failureMessages":[],"meta":{}}],"startTime":1782668553139,"endTime":1782668553160.6382,"status":"passed","message":"","name":"C:/Users/menum/Downloads/adminmate-ai/src/services/authService.test.ts"},{"assertionResults":[{"ancestorTitles":["companyService","getAll"],"fullName":"companyService getAll should return all companies","status":"passed","title":"should return all companies","duration":3.456500000000233,"failureMessages":[],"meta":{}},{"ancestorTitles":["companyService","getAll"],"fullName":"companyService getAll should throw on error","status":"passed","title":"should throw on error","duration":2.293800000000374,"failureMessages":[],"meta":{}},{"ancestorTitles":["companyService","getById"],"fullName":"companyService getById should return a company by id","status":"passed","title":"should return a company by id","duration":1.028099999999995,"failureMessages":[],"meta":{}},{"ancestorTitles":["companyService","getById"],"fullName":"companyService getById should throw on error","status":"passed","title":"should throw on error","duration":0.717200000000048,"failureMessages":[],"meta":{}},{"ancestorTitles":["companyService","create"],"fullName":"companyService create should create a company with TH defaults (currency, timezone, locale)","status":"passed","title":"should create a company with TH defaults (currency, timezone, locale)","duration":2.6666999999997643,"failureMessages":[],"meta":{}},{"ancestorTitles":["companyService","create"],"fullName":"companyService create should set VN defaults","status":"passed","title":"should set VN defaults","duration":0.9375,"failureMessages":[],"meta":{}},{"ancestorTitles":["companyService","create"],"fullName":"companyService create should set ID defaults","status":"passed","title":"should set ID defaults","duration":0.870600000000195,"failureMessages":[],"meta":{}},{"ancestorTitles":["companyService","create"],"fullName":"companyService create should include optional fields when provided","status":"passed","title":"should include optional fields when provided","duration":0.8013999999998305,"failureMessages":[],"meta":{}},{"ancestorTitles":["companyService","create"],"fullName":"companyService create should throw on create error","status":"passed","title":"should throw on create error","duration":0.7746999999999389,"failureMessages":[],"meta":{}},{"ancestorTitles":["companyService","update"],"fullName":"companyService update should update company by id","status":"passed","title":"should update company by id","duration":1.3009000000001834,"failureMessages":[],"meta":{}},{"ancestorTitles":["companyService","update"],"fullName":"companyService update should throw on update error","status":"passed","title":"should throw on update error","duration":0.8939000000000306,"failureMessages":[],"meta":{}}],"startTime":1782668558445,"endTime":1782668558460.8938,"status":"passed","message":"","name":"C:/Users/menum/Downloads/adminmate-ai/src/services/companyService.test.ts"},{"assertionResults":[{"ancestorTitles":["authStore","setters"],"fullName":"authStore setters setUser should update user","status":"passed","title":"setUser should update user","duration":2.5890999999996893,"failureMessages":[],"meta":{}},{"ancestorTitles":["authStore","setters"],"fullName":"authStore setters setProfile should update profile","status":"passed","title":"setProfile should update profile","duration":0.5566000000003442,"failureMessages":[],"meta":{}},{"ancestorTitles":["authStore","setters"],"fullName":"authStore setters setCompany should update company","status":"passed","title":"setCompany should update company","duration":0.40399999999999636,"failureMessages":[],"meta":{}},{"ancestorTitles":["authStore","setters"],"fullName":"authStore setters setLoading should update isLoading","status":"passed","title":"setLoading should update isLoading","duration":0.4994000000001506,"failureMessages":[],"meta":{}},{"ancestorTitles":["authStore","setters"],"fullName":"authStore setters setError should update error","status":"passed","title":"setError should update error","duration":0.4171999999998661,"failureMessages":[],"meta":{}},{"ancestorTitles":["authStore","computed getters"],"fullName":"authStore computed getters isAuthenticated returns false when no user","status":"passed","title":"isAuthenticated returns false when no user","duration":0.2863999999999578,"failureMessages":[],"meta":{}},{"ancestorTitles":["authStore","computed getters"],"fullName":"authStore computed getters isAuthenticated returns true when user is set","status":"passed","title":"isAuthenticated returns true when user is set","duration":0.2213000000001557,"failureMessages":[],"meta":{}},{"ancestorTitles":["authStore","computed getters"],"fullName":"authStore computed getters isAdminOrHR returns false when no profile","status":"passed","title":"isAdminOrHR returns false when no profile","duration":0.21689999999989595,"failureMessages":[],"meta":{}},{"ancestorTitles":["authStore","computed getters"],"fullName":"authStore computed getters isAdminOrHR returns true for admin role","status":"passed","title":"isAdminOrHR returns true for admin role","duration":0.3330000000000837,"failureMessages":[],"meta":{}},{"ancestorTitles":["authStore","computed getters"],"fullName":"authStore computed getters isAdminOrHR returns true for hr role","status":"passed","title":"isAdminOrHR returns true for hr role","duration":0.3346999999998843,"failureMessages":[],"meta":{}},{"ancestorTitles":["authStore","computed getters"],"fullName":"authStore computed getters isAdminOrHR returns false for other roles","status":"passed","title":"isAdminOrHR returns false for other roles","duration":0.25649999999996,"failureMessages":[],"meta":{}},{"ancestorTitles":["authStore","computed getters"],"fullName":"authStore computed getters hasCompany returns false when no company","status":"passed","title":"hasCompany returns false when no company","duration":0.18640000000004875,"failureMessages":[],"meta":{}},{"ancestorTitles":["authStore","computed getters"],"fullName":"authStore computed getters hasCompany returns true when company is set","status":"passed","title":"hasCompany returns true when company is set","duration":0.193000000000211,"failureMessages":[],"meta":{}},{"ancestorTitles":["authStore","computed getters"],"fullName":"authStore computed getters userLanguage returns _langPref by default","status":"passed","title":"userLanguage returns _langPref by default","duration":0.16249999999990905,"failureMessages":[],"meta":{}},{"ancestorTitles":["authStore","computed getters"],"fullName":"authStore computed getters userLanguage falls back to profile language_preference","status":"passed","title":"userLanguage falls back to profile language_preference","duration":0.29359999999996944,"failureMessages":[],"meta":{}},{"ancestorTitles":["authStore","computed getters"],"fullName":"authStore computed getters userLanguage falls back to company locale prefix","status":"passed","title":"userLanguage falls back to company locale prefix","duration":0.24900000000025102,"failureMessages":[],"meta":{}},{"ancestorTitles":["authStore","computed getters"],"fullName":"authStore computed getters userLanguage falls back to en when nothing is set","status":"passed","title":"userLanguage falls back to en when nothing is set","duration":0.25919999999996435,"failureMessages":[],"meta":{}},{"ancestorTitles":["authStore","initSession"],"fullName":"authStore initSession should set user when session exists","status":"passed","title":"should set user when session exists","duration":1.3506999999999607,"failureMessages":[],"meta":{}},{"ancestorTitles":["authStore","initSession"],"fullName":"authStore initSession should clear state when no session","status":"passed","title":"should clear state when no session","duration":0.46489999999994325,"failureMessages":[],"meta":{}},{"ancestorTitles":["authStore","initSession"],"fullName":"authStore initSession should handle session error","status":"passed","title":"should handle session error","duration":0.49909999999999854,"failureMessages":[],"meta":{}},{"ancestorTitles":["authStore","initSession"],"fullName":"authStore initSession should load company when profile has company_id","status":"passed","title":"should load company when profile has company_id","duration":0.8773000000001048,"failureMessages":[],"meta":{}},{"ancestorTitles":["authStore","initSession"],"fullName":"authStore initSession should deduplicate concurrent initSession calls","status":"passed","title":"should deduplicate concurrent initSession calls","duration":0.4915000000000873,"failureMessages":[],"meta":{}},{"ancestorTitles":["authStore","reset"],"fullName":"authStore reset should clear all state","status":"passed","title":"should clear all state","duration":0.45060000000012224,"failureMessages":[],"meta":{}},{"ancestorTitles":["authStore","initDemo"],"fullName":"authStore initDemo should set language to th","status":"passed","title":"should set language to th","duration":0.21170000000029177,"failureMessages":[],"meta":{}},{"ancestorTitles":["authStore","subscribeAuth"],"fullName":"authStore subscribeAuth should call onAuthStateChange and return unsubscribe function","status":"passed","title":"should call onAuthStateChange and return unsubscribe function","duration":0.7516000000000531,"failureMessages":[],"meta":{}},{"ancestorTitles":["authStore","useAuthLoading"],"fullName":"authStore useAuthLoading should return isLoading state","status":"passed","title":"should return isLoading state","duration":18.089899999999943,"failureMessages":[],"meta":{}},{"ancestorTitles":["authStore","useAuthLoading"],"fullName":"authStore useAuthLoading should return false when not loading","status":"passed","title":"should return false when not loading","duration":2.403099999999995,"failureMessages":[],"meta":{}},{"ancestorTitles":["authStore","useAuthError"],"fullName":"authStore useAuthError should return error state","status":"passed","title":"should return error state","duration":2.618999999999687,"failureMessages":[],"meta":{}},{"ancestorTitles":["authStore","useAuthError"],"fullName":"authStore useAuthError should return null when no error","status":"passed","title":"should return null when no error","duration":2.346799999999803,"failureMessages":[],"meta":{}}],"startTime":1782668550863,"endTime":1782668550902.3467,"status":"passed","message":"","name":"C:/Users/menum/Downloads/adminmate-ai/src/stores/authStore.test.ts"},{"assertionResults":[{"ancestorTitles":["translateAuthError","edge cases"],"fullName":"translateAuthError edge cases should return fallback for null","status":"passed","title":"should return fallback for null","duration":1.6233000000001994,"failureMessages":[],"meta":{}},{"ancestorTitles":["translateAuthError","edge cases"],"fullName":"translateAuthError edge cases should return fallback for undefined","status":"passed","title":"should return fallback for undefined","duration":0.2921999999998661,"failureMessages":[],"meta":{}},{"ancestorTitles":["translateAuthError","edge cases"],"fullName":"translateAuthError edge cases should use custom fallbackKey","status":"passed","title":"should use custom fallbackKey","duration":0.3886000000002241,"failureMessages":[],"meta":{}},{"ancestorTitles":["translateAuthError","credential errors"],"fullName":"translateAuthError credential errors should translate \"Invalid login credentials\"","status":"passed","title":"should translate \"Invalid login credentials\"","duration":0.3809999999998581,"failureMessages":[],"meta":{}},{"ancestorTitles":["translateAuthError","credential errors"],"fullName":"translateAuthError credential errors should translate \"invalid credentials\"","status":"passed","title":"should translate \"invalid credentials\"","duration":0.3603000000002794,"failureMessages":[],"meta":{}},{"ancestorTitles":["translateAuthError","credential errors"],"fullName":"translateAuthError credential errors should translate \"invalid email or password\"","status":"passed","title":"should translate \"invalid email or password\"","duration":0.8950999999997293,"failureMessages":[],"meta":{}},{"ancestorTitles":["translateAuthError","email not confirmed"],"fullName":"translateAuthError email not confirmed should translate \"email not confirmed\"","status":"passed","title":"should translate \"email not confirmed\"","duration":0.4654000000000451,"failureMessages":[],"meta":{}},{"ancestorTitles":["translateAuthError","user already registered"],"fullName":"translateAuthError user already registered should translate \"user already registered\"","status":"passed","title":"should translate \"user already registered\"","duration":0.3141000000000531,"failureMessages":[],"meta":{}},{"ancestorTitles":["translateAuthError","user already registered"],"fullName":"translateAuthError user already registered should translate \"already registered\"","status":"passed","title":"should translate \"already registered\"","duration":0.2516000000000531,"failureMessages":[],"meta":{}},{"ancestorTitles":["translateAuthError","signups disabled"],"fullName":"translateAuthError signups disabled should translate \"signups not allowed\"","status":"passed","title":"should translate \"signups not allowed\"","duration":0.3108999999999469,"failureMessages":[],"meta":{}},{"ancestorTitles":["translateAuthError","signups disabled"],"fullName":"translateAuthError signups disabled should translate \"signup disabled\"","status":"passed","title":"should translate \"signup disabled\"","duration":0.27870000000029904,"failureMessages":[],"meta":{}},{"ancestorTitles":["translateAuthError","provider disabled"],"fullName":"translateAuthError provider disabled should translate \"unsupported provider\"","status":"passed","title":"should translate \"unsupported provider\"","duration":0.20159999999987122,"failureMessages":[],"meta":{}},{"ancestorTitles":["translateAuthError","provider disabled"],"fullName":"translateAuthError provider disabled should translate \"provider is not enabled\"","status":"passed","title":"should translate \"provider is not enabled\"","duration":0.20129999999971915,"failureMessages":[],"meta":{}},{"ancestorTitles":["translateAuthError","rate limiting"],"fullName":"translateAuthError rate limiting should translate \"email rate limit\"","status":"passed","title":"should translate \"email rate limit\"","duration":0.21329999999989013,"failureMessages":[],"meta":{}},{"ancestorTitles":["translateAuthError","rate limiting"],"fullName":"translateAuthError rate limiting should translate \"rate limit\"","status":"passed","title":"should translate \"rate limit\"","duration":0.1489000000001397,"failureMessages":[],"meta":{}},{"ancestorTitles":["translateAuthError","rate limiting"],"fullName":"translateAuthError rate limiting should translate \"too many requests\"","status":"passed","title":"should translate \"too many requests\"","duration":0.1663999999996122,"failureMessages":[],"meta":{}},{"ancestorTitles":["translateAuthError","weak password"],"fullName":"translateAuthError weak password should translate \"password should be at least\"","status":"passed","title":"should translate \"password should be at least\"","duration":0.2183999999997468,"failureMessages":[],"meta":{}},{"ancestorTitles":["translateAuthError","weak password"],"fullName":"translateAuthError weak password should translate \"password is too weak\"","status":"passed","title":"should translate \"password is too weak\"","duration":0.13000000000010914,"failureMessages":[],"meta":{}},{"ancestorTitles":["translateAuthError","invalid email format"],"fullName":"translateAuthError invalid email format should translate \"unable to validate email address\"","status":"passed","title":"should translate \"unable to validate email address\"","duration":0.20820000000003347,"failureMessages":[],"meta":{}},{"ancestorTitles":["translateAuthError","invalid email format"],"fullName":"translateAuthError invalid email format should translate \"email address ... is invalid\"","status":"passed","title":"should translate \"email address ... is invalid\"","duration":0.2260999999998603,"failureMessages":[],"meta":{}},{"ancestorTitles":["translateAuthError","token expired"],"fullName":"translateAuthError token expired should translate \"token has expired\"","status":"passed","title":"should translate \"token has expired\"","duration":0.20149999999966894,"failureMessages":[],"meta":{}},{"ancestorTitles":["translateAuthError","token expired"],"fullName":"translateAuthError token expired should translate \"expired\"","status":"passed","title":"should translate \"expired\"","duration":0.21239999999988868,"failureMessages":[],"meta":{}},{"ancestorTitles":["translateAuthError","session errors"],"fullName":"translateAuthError session errors should translate \"refresh token\"","status":"passed","title":"should translate \"refresh token\"","duration":0.198399999999765,"failureMessages":[],"meta":{}},{"ancestorTitles":["translateAuthError","session errors"],"fullName":"translateAuthError session errors \"session expired\" matches expired regex first due to ERROR_MAP ordering","status":"passed","title":"\"session expired\" matches expired regex first due to ERROR_MAP ordering","duration":0.15219999999999345,"failureMessages":[],"meta":{}},{"ancestorTitles":["translateAuthError","session errors"],"fullName":"translateAuthError session errors should translate \"auth session missing\"","status":"passed","title":"should translate \"auth session missing\"","duration":0.17430000000013024,"failureMessages":[],"meta":{}},{"ancestorTitles":["translateAuthError","network errors"],"fullName":"translateAuthError network errors should translate \"network\"","status":"passed","title":"should translate \"network\"","duration":0.17090000000007421,"failureMessages":[],"meta":{}},{"ancestorTitles":["translateAuthError","network errors"],"fullName":"translateAuthError network errors should translate \"failed to fetch\"","status":"passed","title":"should translate \"failed to fetch\"","duration":0.19479999999975917,"failureMessages":[],"meta":{}},{"ancestorTitles":["translateAuthError","user not found"],"fullName":"translateAuthError user not found should translate \"user not found\"","status":"passed","title":"should translate \"user not found\"","duration":0.39589999999998327,"failureMessages":[],"meta":{}},{"ancestorTitles":["translateAuthError","fallback"],"fullName":"translateAuthError fallback should return raw message if no pattern matches and message is short","status":"passed","title":"should return raw message if no pattern matches and message is short","duration":0.2658999999998741,"failureMessages":[],"meta":{}},{"ancestorTitles":["translateAuthError","fallback"],"fullName":"translateAuthError fallback should return fallback for very long messages (>200 chars)","status":"passed","title":"should return fallback for very long messages (>200 chars)","duration":0.4488000000001193,"failureMessages":[],"meta":{}},{"ancestorTitles":["translateAuthError","fallback"],"fullName":"translateAuthError fallback should handle string errors","status":"passed","title":"should handle string errors","duration":0.31970000000001164,"failureMessages":[],"meta":{}},{"ancestorTitles":["translateAuthError","fallback"],"fullName":"translateAuthError fallback should handle errors without message property","status":"passed","title":"should handle errors without message property","duration":0.18080000000009022,"failureMessages":[],"meta":{}},{"ancestorTitles":["translateAuthError","untranslated keys"],"fullName":"translateAuthError untranslated keys should return raw message when t returns the key back","status":"passed","title":"should return raw message when t returns the key back","duration":0.34369999999989886,"failureMessages":[],"meta":{}}],"startTime":1782668551034,"endTime":1782668551047.3438,"status":"passed","message":"","name":"C:/Users/menum/Downloads/adminmate-ai/src/utils/authErrors.test.ts"},{"assertionResults":[{"ancestorTitles":["Database Chaos Tests","Connection Handling"],"fullName":"Database Chaos Tests Connection Handling should handle connection pool exhaustion","status":"passed","title":"should handle connection pool exhaustion","duration":2.528200000000197,"failureMessages":[],"meta":{}},{"ancestorTitles":["Database Chaos Tests","Connection Handling"],"fullName":"Database Chaos Tests Connection Handling should handle query timeout gracefully","status":"passed","title":"should handle query timeout gracefully","duration":0.35359999999991487,"failureMessages":[],"meta":{}},{"ancestorTitles":["Database Chaos Tests","Connection Handling"],"fullName":"Database Chaos Tests Connection Handling should retry on transient errors","status":"passed","title":"should retry on transient errors","duration":0.4525000000003274,"failureMessages":[],"meta":{}},{"ancestorTitles":["Database Chaos Tests","Constraint Violations"],"fullName":"Database Chaos Tests Constraint Violations should handle unique constraint violations","status":"passed","title":"should handle unique constraint violations","duration":0.21880000000010114,"failureMessages":[],"meta":{}},{"ancestorTitles":["Database Chaos Tests","Constraint Violations"],"fullName":"Database Chaos Tests Constraint Violations should handle foreign key violations","status":"passed","title":"should handle foreign key violations","duration":0.18339999999989232,"failureMessages":[],"meta":{}},{"ancestorTitles":["Database Chaos Tests","Constraint Violations"],"fullName":"Database Chaos Tests Constraint Violations should handle NOT NULL constraint violations","status":"passed","title":"should handle NOT NULL constraint violations","duration":1.29529999999977,"failureMessages":[],"meta":{}},{"ancestorTitles":["Database Chaos Tests","Deadlock Prevention"],"fullName":"Database Chaos Tests Deadlock Prevention should use consistent lock ordering","status":"passed","title":"should use consistent lock ordering","duration":0.5770000000002256,"failureMessages":[],"meta":{}},{"ancestorTitles":["Database Chaos Tests","Deadlock Prevention"],"fullName":"Database Chaos Tests Deadlock Prevention should handle row-level locking with SKIP LOCKED","status":"passed","title":"should handle row-level locking with SKIP LOCKED","duration":0.996599999999944,"failureMessages":[],"meta":{}},{"ancestorTitles":["Database Chaos Tests","Data Integrity"],"fullName":"Database Chaos Tests Data Integrity should validate message direction enum","status":"passed","title":"should validate message direction enum","duration":0.23610000000007858,"failureMessages":[],"meta":{}},{"ancestorTitles":["Database Chaos Tests","Data Integrity"],"fullName":"Database Chaos Tests Data Integrity should validate platform enum","status":"passed","title":"should validate platform enum","duration":0.2142999999996391,"failureMessages":[],"meta":{}},{"ancestorTitles":["Database Chaos Tests","Data Integrity"],"fullName":"Database Chaos Tests Data Integrity should validate message status transitions","status":"passed","title":"should validate message status transitions","duration":0.27759999999989304,"failureMessages":[],"meta":{}},{"ancestorTitles":["Database Chaos Tests","Message Queue Reliability"],"fullName":"Database Chaos Tests Message Queue Reliability should implement exponential backoff for retries","status":"passed","title":"should implement exponential backoff for retries","duration":0.37449999999989814,"failureMessages":[],"meta":{}},{"ancestorTitles":["Database Chaos Tests","Message Queue Reliability"],"fullName":"Database Chaos Tests Message Queue Reliability should mark messages as failed after max retries","status":"passed","title":"should mark messages as failed after max retries","duration":0.23739999999997963,"failureMessages":[],"meta":{}},{"ancestorTitles":["Database Chaos Tests","Message Queue Reliability"],"fullName":"Database Chaos Tests Message Queue Reliability should reset stuck messages (processing > 5 min)","status":"passed","title":"should reset stuck messages (processing > 5 min)","duration":0.43489999999974316,"failureMessages":[],"meta":{}}],"startTime":1782668557327,"endTime":1782668557336.4348,"status":"passed","message":"","name":"C:/Users/menum/Downloads/adminmate-ai/tests/chaos/database.chaos.test.ts"},{"assertionResults":[{"ancestorTitles":["Integration Chaos Tests","End-to-End Message Flow"],"fullName":"Integration Chaos Tests End-to-End Message Flow should handle complete inboundΓåÆprocessΓåÆoutbound flow","status":"passed","title":"should handle complete inboundΓåÆprocessΓåÆoutbound flow","duration":1.632799999999861,"failureMessages":[],"meta":{}},{"ancestorTitles":["Integration Chaos Tests","End-to-End Message Flow"],"fullName":"Integration Chaos Tests End-to-End Message Flow should handle failure at any step without data loss","status":"passed","title":"should handle failure at any step without data loss","duration":0.404700000000048,"failureMessages":[],"meta":{}},{"ancestorTitles":["Integration Chaos Tests","Multi-Platform Consistency"],"fullName":"Integration Chaos Tests Multi-Platform Consistency should maintain consistent state across WhatsApp and LINE","status":"passed","title":"should maintain consistent state across WhatsApp and LINE","duration":0.3269000000000233,"failureMessages":[],"meta":{}},{"ancestorTitles":["Integration Chaos Tests","Multi-Platform Consistency"],"fullName":"Integration Chaos Tests Multi-Platform Consistency should handle platform-specific message limits","status":"passed","title":"should handle platform-specific message limits","duration":0.24019999999973152,"failureMessages":[],"meta":{}},{"ancestorTitles":["Integration Chaos Tests","Recovery Scenarios"],"fullName":"Integration Chaos Tests Recovery Scenarios should recover from database connection loss","status":"passed","title":"should recover from database connection loss","duration":1.9198999999998705,"failureMessages":[],"meta":{}},{"ancestorTitles":["Integration Chaos Tests","Recovery Scenarios"],"fullName":"Integration Chaos Tests Recovery Scenarios should recover from AI service outage","status":"passed","title":"should recover from AI service outage","duration":0.5871999999999389,"failureMessages":[],"meta":{}},{"ancestorTitles":["Integration Chaos Tests","Recovery Scenarios"],"fullName":"Integration Chaos Tests Recovery Scenarios should handle graceful degradation when external APIs fail","status":"passed","title":"should handle graceful degradation when external APIs fail","duration":0.3290999999999258,"failureMessages":[],"meta":{}},{"ancestorTitles":["Integration Chaos Tests","Security Under Stress"],"fullName":"Integration Chaos Tests Security Under Stress should maintain auth under high load","status":"passed","title":"should maintain auth under high load","duration":0.44020000000000437,"failureMessages":[],"meta":{}},{"ancestorTitles":["Integration Chaos Tests","Security Under Stress"],"fullName":"Integration Chaos Tests Security Under Stress should prevent injection in message content","status":"passed","title":"should prevent injection in message content","duration":0.686200000000099,"failureMessages":[],"meta":{}}],"startTime":1782668558930,"endTime":1782668558937.6863,"status":"passed","message":"","name":"C:/Users/menum/Downloads/adminmate-ai/tests/chaos/integration.chaos.test.ts"},{"assertionResults":[{"ancestorTitles":["Messaging Chaos Tests","Intent Detection Edge Cases"],"fullName":"Messaging Chaos Tests Intent Detection Edge Cases should handle empty input","status":"passed","title":"should handle empty input","duration":1.7316000000000713,"failureMessages":[],"meta":{}},{"ancestorTitles":["Messaging Chaos Tests","Intent Detection Edge Cases"],"fullName":"Messaging Chaos Tests Intent Detection Edge Cases should handle whitespace-only input","status":"passed","title":"should handle whitespace-only input","duration":0.31550000000015643,"failureMessages":[],"meta":{}},{"ancestorTitles":["Messaging Chaos Tests","Intent Detection Edge Cases"],"fullName":"Messaging Chaos Tests Intent Detection Edge Cases should handle mixed case","status":"passed","title":"should handle mixed case","duration":0.2179999999998472,"failureMessages":[],"meta":{}},{"ancestorTitles":["Messaging Chaos Tests","Intent Detection Edge Cases"],"fullName":"Messaging Chaos Tests Intent Detection Edge Cases should handle multilingual keywords","status":"passed","title":"should handle multilingual keywords","duration":0.34700000000020736,"failureMessages":[],"meta":{}},{"ancestorTitles":["Messaging Chaos Tests","Intent Detection Edge Cases"],"fullName":"Messaging Chaos Tests Intent Detection Edge Cases should handle keyword in longer text","status":"passed","title":"should handle keyword in longer text","duration":0.2438999999999396,"failureMessages":[],"meta":{}},{"ancestorTitles":["Messaging Chaos Tests","Intent Detection Edge Cases"],"fullName":"Messaging Chaos Tests Intent Detection Edge Cases should handle injection attempts","status":"passed","title":"should handle injection attempts","duration":0.24539999999979045,"failureMessages":[],"meta":{}},{"ancestorTitles":["Messaging Chaos Tests","Message Truncation"],"fullName":"Messaging Chaos Tests Message Truncation should truncate WhatsApp messages at 4096 chars","status":"passed","title":"should truncate WhatsApp messages at 4096 chars","duration":0.2199000000000524,"failureMessages":[],"meta":{}},{"ancestorTitles":["Messaging Chaos Tests","Message Truncation"],"fullName":"Messaging Chaos Tests Message Truncation should truncate LINE messages at 5000 chars","status":"passed","title":"should truncate LINE messages at 5000 chars","duration":0.1471000000001368,"failureMessages":[],"meta":{}},{"ancestorTitles":["Messaging Chaos Tests","Message Truncation"],"fullName":"Messaging Chaos Tests Message Truncation should handle multi-byte characters correctly","status":"passed","title":"should handle multi-byte characters correctly","duration":0.2622999999998683,"failureMessages":[],"meta":{}},{"ancestorTitles":["Messaging Chaos Tests","Concurrent Message Processing"],"fullName":"Messaging Chaos Tests Concurrent Message Processing should handle 100 concurrent inbound messages","status":"passed","title":"should handle 100 concurrent inbound messages","duration":1.5710000000003674,"failureMessages":[],"meta":{}},{"ancestorTitles":["Messaging Chaos Tests","Concurrent Message Processing"],"fullName":"Messaging Chaos Tests Concurrent Message Processing should handle same user sending rapid messages","status":"passed","title":"should handle same user sending rapid messages","duration":0.5282000000001972,"failureMessages":[],"meta":{}},{"ancestorTitles":["Messaging Chaos Tests","Platform API Failure Handling"],"fullName":"Messaging Chaos Tests Platform API Failure Handling should handle WhatsApp API returning 429 (rate limit)","status":"passed","title":"should handle WhatsApp API returning 429 (rate limit)","duration":1.3198999999999614,"failureMessages":[],"meta":{}},{"ancestorTitles":["Messaging Chaos Tests","Platform API Failure Handling"],"fullName":"Messaging Chaos Tests Platform API Failure Handling should handle LINE API returning 401 (invalid token)","status":"passed","title":"should handle LINE API returning 401 (invalid token)","duration":0.1792000000000371,"failureMessages":[],"meta":{}},{"ancestorTitles":["Messaging Chaos Tests","Platform API Failure Handling"],"fullName":"Messaging Chaos Tests Platform API Failure Handling should handle network timeout","status":"passed","title":"should handle network timeout","duration":111.44329999999991,"failureMessages":[],"meta":{}},{"ancestorTitles":["Messaging Chaos Tests","Data Consistency"],"fullName":"Messaging Chaos Tests Data Consistency should maintain message count consistency","status":"passed","title":"should maintain message count consistency","duration":0.3890000000001237,"failureMessages":[],"meta":{}},{"ancestorTitles":["Messaging Chaos Tests","Data Consistency"],"fullName":"Messaging Chaos Tests Data Consistency should handle conversation thread upsert atomically","status":"passed","title":"should handle conversation thread upsert atomically","duration":0.24789999999984502,"failureMessages":[],"meta":{}}],"startTime":1782668557357,"endTime":1782668557478.2478,"status":"passed","message":"","name":"C:/Users/menum/Downloads/adminmate-ai/tests/chaos/messaging.chaos.test.ts"},{"assertionResults":[{"ancestorTitles":["Webhook Chaos Tests","WhatsApp Webhook"],"fullName":"Webhook Chaos Tests WhatsApp Webhook should reject invalid JSON body","status":"passed","title":"should reject invalid JSON body","duration":3.359899999999925,"failureMessages":[],"meta":{}},{"ancestorTitles":["Webhook Chaos Tests","WhatsApp Webhook"],"fullName":"Webhook Chaos Tests WhatsApp Webhook should reject payloads exceeding size limit (1MB)","status":"passed","title":"should reject payloads exceeding size limit (1MB)","duration":3.651800000000094,"failureMessages":[],"meta":{}},{"ancestorTitles":["Webhook Chaos Tests","WhatsApp Webhook"],"fullName":"Webhook Chaos Tests WhatsApp Webhook should handle missing hub.verify_token gracefully","status":"passed","title":"should handle missing hub.verify_token gracefully","duration":0.2418999999999869,"failureMessages":[],"meta":{}},{"ancestorTitles":["Webhook Chaos Tests","WhatsApp Webhook"],"fullName":"Webhook Chaos Tests WhatsApp Webhook should reject webhook verification with wrong token","status":"passed","title":"should reject webhook verification with wrong token","duration":0.9933000000000902,"failureMessages":[],"meta":{}},{"ancestorTitles":["Webhook Chaos Tests","WhatsApp Webhook"],"fullName":"Webhook Chaos Tests WhatsApp Webhook should handle replay attacks (duplicate messages)","status":"passed","title":"should handle replay attacks (duplicate messages)","duration":0.3033999999997832,"failureMessages":[],"meta":{}},{"ancestorTitles":["Webhook Chaos Tests","WhatsApp Webhook"],"fullName":"Webhook Chaos Tests WhatsApp Webhook should handle extremely long phone numbers","status":"passed","title":"should handle extremely long phone numbers","duration":0.24670000000014625,"failureMessages":[],"meta":{}},{"ancestorTitles":["Webhook Chaos Tests","WhatsApp Webhook"],"fullName":"Webhook Chaos Tests WhatsApp Webhook should handle special characters in message body","status":"passed","title":"should handle special characters in message body","duration":0.5720000000001164,"failureMessages":[],"meta":{}},{"ancestorTitles":["Webhook Chaos Tests","WhatsApp Webhook"],"fullName":"Webhook Chaos Tests WhatsApp Webhook should handle concurrent webhook delivery","status":"passed","title":"should handle concurrent webhook delivery","duration":1.32549999999992,"failureMessages":[],"meta":{}},{"ancestorTitles":["Webhook Chaos Tests","LINE Webhook"],"fullName":"Webhook Chaos Tests LINE Webhook should reject invalid HMAC signature","status":"passed","title":"should reject invalid HMAC signature","duration":0.35190000000011423,"failureMessages":[],"meta":{}},{"ancestorTitles":["Webhook Chaos Tests","LINE Webhook"],"fullName":"Webhook Chaos Tests LINE Webhook should handle missing x-line-signature header","status":"passed","title":"should handle missing x-line-signature header","duration":0.2536000000000058,"failureMessages":[],"meta":{}},{"ancestorTitles":["Webhook Chaos Tests","LINE Webhook"],"fullName":"Webhook Chaos Tests LINE Webhook should reject payloads with more than 100 events","status":"passed","title":"should reject payloads with more than 100 events","duration":0.5030000000001564,"failureMessages":[],"meta":{}},{"ancestorTitles":["Webhook Chaos Tests","LINE Webhook"],"fullName":"Webhook Chaos Tests LINE Webhook should handle non-message events gracefully","status":"passed","title":"should handle non-message events gracefully","duration":0.366099999999733,"failureMessages":[],"meta":{}},{"ancestorTitles":["Webhook Chaos Tests","LINE Webhook"],"fullName":"Webhook Chaos Tests LINE Webhook should handle empty events array","status":"passed","title":"should handle empty events array","duration":0.21500000000014552,"failureMessages":[],"meta":{}},{"ancestorTitles":["Webhook Chaos Tests","LINE Webhook"],"fullName":"Webhook Chaos Tests LINE Webhook should handle extremely long user IDs","status":"passed","title":"should handle extremely long user IDs","duration":0.17470000000002983,"failureMessages":[],"meta":{}},{"ancestorTitles":["Webhook Chaos Tests","Signature Verification"],"fullName":"Webhook Chaos Tests Signature Verification should use timing-safe comparison","status":"passed","title":"should use timing-safe comparison","duration":0.2323999999998705,"failureMessages":[],"meta":{}},{"ancestorTitles":["Webhook Chaos Tests","Signature Verification"],"fullName":"Webhook Chaos Tests Signature Verification should handle base64 padding variations","status":"passed","title":"should handle base64 padding variations","duration":0.3370999999997366,"failureMessages":[],"meta":{}},{"ancestorTitles":["Webhook Chaos Tests","Rate Limiting"],"fullName":"Webhook Chaos Tests Rate Limiting should enforce rate limits per user","status":"passed","title":"should enforce rate limits per user","duration":0.49650000000019645,"failureMessages":[],"meta":{}}],"startTime":1782668557955,"endTime":1782668557970.4966,"status":"passed","message":"","name":"C:/Users/menum/Downloads/adminmate-ai/tests/chaos/webhook.chaos.test.ts"},{"assertionResults":[{"ancestorTitles":["26A.5 ΓÇö REST API RLS: cross-tenant chat_messages"],"fullName":"26A.5 ΓÇö REST API RLS: cross-tenant chat_messages Company A can read own chat_messages","status":"passed","title":"Company A can read own chat_messages","duration":0.904700000000048,"failureMessages":[],"meta":{}},{"ancestorTitles":["26A.5 ΓÇö REST API RLS: cross-tenant chat_messages"],"fullName":"26A.5 ΓÇö REST API RLS: cross-tenant chat_messages Company A cannot read Company B chat_messages","status":"passed","title":"Company A cannot read Company B chat_messages","duration":0.3034000000002379,"failureMessages":[],"meta":{}},{"ancestorTitles":["26A.5 ΓÇö REST API RLS: cross-tenant chat_messages"],"fullName":"26A.5 ΓÇö REST API RLS: cross-tenant chat_messages Company B cannot read Company A chat_messages","status":"passed","title":"Company B cannot read Company A chat_messages","duration":0.18700000000035288,"failureMessages":[],"meta":{}},{"ancestorTitles":["26A.5 ΓÇö REST API RLS: cross-tenant messages"],"fullName":"26A.5 ΓÇö REST API RLS: cross-tenant messages Company A cannot read Company B messages","status":"passed","title":"Company A cannot read Company B messages","duration":0.23469999999997526,"failureMessages":[],"meta":{}},{"ancestorTitles":["26A.5 ΓÇö REST API RLS: cross-tenant messages"],"fullName":"26A.5 ΓÇö REST API RLS: cross-tenant messages Company B cannot read Company A messages","status":"passed","title":"Company B cannot read Company A messages","duration":0.16939999999976862,"failureMessages":[],"meta":{}},{"ancestorTitles":["26A.5 ΓÇö REST API RLS: cross-tenant messages"],"fullName":"26A.5 ΓÇö REST API RLS: cross-tenant messages Company A can read own messages","status":"passed","title":"Company A can read own messages","duration":0.20800000000008367,"failureMessages":[],"meta":{}},{"ancestorTitles":["26A.5 ΓÇö REST API RLS: cross-tenant INSERT"],"fullName":"26A.5 ΓÇö REST API RLS: cross-tenant INSERT Company A cannot INSERT chat_message with Company B company_id","status":"passed","title":"Company A cannot INSERT chat_message with Company B company_id","duration":0.21390000000019427,"failureMessages":[],"meta":{}},{"ancestorTitles":["26A.5 ΓÇö REST API RLS: cross-tenant INSERT"],"fullName":"26A.5 ΓÇö REST API RLS: cross-tenant INSERT Company A cannot INSERT message with Company B company_id","status":"passed","title":"Company A cannot INSERT message with Company B company_id","duration":0.20319999999992433,"failureMessages":[],"meta":{}},{"ancestorTitles":["26A.5 ΓÇö REST API RLS: global reference tables"],"fullName":"26A.5 ΓÇö REST API RLS: global reference tables Authenticated user can read document_type_configs","status":"passed","title":"Authenticated user can read document_type_configs","duration":0.23420000000032815,"failureMessages":[],"meta":{}},{"ancestorTitles":["26A.5 ΓÇö REST API RLS: global reference tables"],"fullName":"26A.5 ΓÇö REST API RLS: global reference tables Authenticated user cannot INSERT document_type_configs","status":"passed","title":"Authenticated user cannot INSERT document_type_configs","duration":0.16899999999986903,"failureMessages":[],"meta":{}},{"ancestorTitles":["26A.5 ΓÇö REST API RLS: global reference tables"],"fullName":"26A.5 ΓÇö REST API RLS: global reference tables Authenticated user can read th_tax_brackets","status":"passed","title":"Authenticated user can read th_tax_brackets","duration":0.1295999999997548,"failureMessages":[],"meta":{}},{"ancestorTitles":["26A.5 ΓÇö REST API RLS: global reference tables"],"fullName":"26A.5 ΓÇö REST API RLS: global reference tables Authenticated user cannot INSERT th_tax_brackets","status":"passed","title":"Authenticated user cannot INSERT th_tax_brackets","duration":0.1412000000000262,"failureMessages":[],"meta":{}},{"ancestorTitles":["26A.5 ΓÇö REST API RLS: global reference tables"],"fullName":"26A.5 ΓÇö REST API RLS: global reference tables Authenticated user can read immigration_case_types","status":"passed","title":"Authenticated user can read immigration_case_types","duration":0.12359999999989668,"failureMessages":[],"meta":{}},{"ancestorTitles":["26A.5 ΓÇö REST API RLS: global reference tables"],"fullName":"26A.5 ΓÇö REST API RLS: global reference tables Authenticated user cannot INSERT immigration_case_types","status":"passed","title":"Authenticated user cannot INSERT immigration_case_types","duration":0.09749999999985448,"failureMessages":[],"meta":{}},{"ancestorTitles":["26A.5 ΓÇö REST API RLS: service-only tables"],"fullName":"26A.5 ΓÇö REST API RLS: service-only tables Authenticated user cannot read message_queue","status":"passed","title":"Authenticated user cannot read message_queue","duration":0.17840000000023792,"failureMessages":[],"meta":{}},{"ancestorTitles":["26A.5 ΓÇö REST API RLS: service-only tables"],"fullName":"26A.5 ΓÇö REST API RLS: service-only tables Authenticated user cannot read platform_sync_log","status":"passed","title":"Authenticated user cannot read platform_sync_log","duration":0.12489999999979773,"failureMessages":[],"meta":{}},{"ancestorTitles":["26A.5 ΓÇö REST API RLS: service-only tables"],"fullName":"26A.5 ΓÇö REST API RLS: service-only tables Authenticated user cannot read system_health","status":"passed","title":"Authenticated user cannot read system_health","duration":0.09520000000020445,"failureMessages":[],"meta":{}},{"ancestorTitles":["26A.5 ΓÇö REST API: anti-footgun checks"],"fullName":"26A.5 ΓÇö REST API: anti-footgun checks Tokens are user-session tokens, not service-role","status":"passed","title":"Tokens are user-session tokens, not service-role","duration":0.1772000000000844,"failureMessages":[],"meta":{}},{"ancestorTitles":["26A.5 ΓÇö REST API: anti-footgun checks"],"fullName":"26A.5 ΓÇö REST API: anti-footgun checks Different users have different tokens","status":"passed","title":"Different users have different tokens","duration":0.10670000000027358,"failureMessages":[],"meta":{}}],"startTime":1782668545331,"endTime":1782668545336.1067,"status":"passed","message":"","name":"C:/Users/menum/Downloads/adminmate-ai/tests/integration/release26a5.supabase-rls.integration.test.ts"},{"assertionResults":[{"ancestorTitles":["26A.5.1 ΓÇö chat_messages cross-tenant UPDATE/DELETE"],"fullName":"26A.5.1 ΓÇö chat_messages cross-tenant UPDATE/DELETE A1: Company A PATCH blocked from Company B rows","status":"failed","title":"A1: Company A PATCH blocked from Company B rows","duration":126.13450000000012,"failureMessages":["AssertionError: expected false to be true // Object.is equality\n    at C:\\Users\\menum\\Downloads\\adminmate-ai\\tests\\integration\\release26a51.rest-crud-privacy.integration.test.ts:67:64\n    at processTicksAndRejections (node:internal/process/task_queues:104:5)\n    at file:///C:/Users/menum/Downloads/adminmate-ai/node_modules/@vitest/runner/dist/index.js:533:5\n    at runTest (file:///C:/Users/menum/Downloads/adminmate-ai/node_modules/@vitest/runner/dist/index.js:1056:11)\n    at runSuite (file:///C:/Users/menum/Downloads/adminmate-ai/node_modules/@vitest/runner/dist/index.js:1205:15)\n    at runSuite (file:///C:/Users/menum/Downloads/adminmate-ai/node_modules/@vitest/runner/dist/index.js:1205:15)\n    at runFiles (file:///C:/Users/menum/Downloads/adminmate-ai/node_modules/@vitest/runner/dist/index.js:1262:5)\n    at startTests (file:///C:/Users/menum/Downloads/adminmate-ai/node_modules/@vitest/runner/dist/index.js:1271:3)\n    at file:///C:/Users/menum/Downloads/adminmate-ai/node_modules/vitest/dist/chunks/runBaseTests.3qpJUEJM.js:126:11\n    at withEnv (file:///C:/Users/menum/Downloads/adminmate-ai/node_modules/vitest/dist/chunks/runBaseTests.3qpJUEJM.js:90:5)"],"meta":{}},{"ancestorTitles":["26A.5.1 ΓÇö chat_messages cross-tenant UPDATE/DELETE"],"fullName":"26A.5.1 ΓÇö chat_messages cross-tenant UPDATE/DELETE A2: Company B PATCH blocked from Company A rows","status":"failed","title":"A2: Company B PATCH blocked from Company A rows","duration":150.58559999999989,"failureMessages":["AssertionError: expected false to be true // Object.is equality\n    at C:\\Users\\menum\\Downloads\\adminmate-ai\\tests\\integration\\release26a51.rest-crud-privacy.integration.test.ts:72:64\n    at processTicksAndRejections (node:internal/process/task_queues:104:5)\n    at file:///C:/Users/menum/Downloads/adminmate-ai/node_modules/@vitest/runner/dist/index.js:533:5\n    at runTest (file:///C:/Users/menum/Downloads/adminmate-ai/node_modules/@vitest/runner/dist/index.js:1056:11)\n    at runSuite (file:///C:/Users/menum/Downloads/adminmate-ai/node_modules/@vitest/runner/dist/index.js:1205:15)\n    at runSuite (file:///C:/Users/menum/Downloads/adminmate-ai/node_modules/@vitest/runner/dist/index.js:1205:15)\n    at runFiles (file:///C:/Users/menum/Downloads/adminmate-ai/node_modules/@vitest/runner/dist/index.js:1262:5)\n    at startTests (file:///C:/Users/menum/Downloads/adminmate-ai/node_modules/@vitest/runner/dist/index.js:1271:3)\n    at file:///C:/Users/menum/Downloads/adminmate-ai/node_modules/vitest/dist/chunks/runBaseTests.3qpJUEJM.js:126:11\n    at withEnv (file:///C:/Users/menum/Downloads/adminmate-ai/node_modules/vitest/dist/chunks/runBaseTests.3qpJUEJM.js:90:5)"],"meta":{}},{"ancestorTitles":["26A.5.1 ΓÇö chat_messages cross-tenant UPDATE/DELETE"],"fullName":"26A.5.1 ΓÇö chat_messages cross-tenant UPDATE/DELETE A3: Company A DELETE blocked from Company B rows","status":"failed","title":"A3: Company A DELETE blocked from Company B rows","duration":94.35649999999987,"failureMessages":["AssertionError: expected false to be true // Object.is equality\n    at C:\\Users\\menum\\Downloads\\adminmate-ai\\tests\\integration\\release26a51.rest-crud-privacy.integration.test.ts:77:64\n    at processTicksAndRejections (node:internal/process/task_queues:104:5)\n    at file:///C:/Users/menum/Downloads/adminmate-ai/node_modules/@vitest/runner/dist/index.js:533:5\n    at runTest (file:///C:/Users/menum/Downloads/adminmate-ai/node_modules/@vitest/runner/dist/index.js:1056:11)\n    at runSuite (file:///C:/Users/menum/Downloads/adminmate-ai/node_modules/@vitest/runner/dist/index.js:1205:15)\n    at runSuite (file:///C:/Users/menum/Downloads/adminmate-ai/node_modules/@vitest/runner/dist/index.js:1205:15)\n    at runFiles (file:///C:/Users/menum/Downloads/adminmate-ai/node_modules/@vitest/runner/dist/index.js:1262:5)\n    at startTests (file:///C:/Users/menum/Downloads/adminmate-ai/node_modules/@vitest/runner/dist/index.js:1271:3)\n    at file:///C:/Users/menum/Downloads/adminmate-ai/node_modules/vitest/dist/chunks/runBaseTests.3qpJUEJM.js:126:11\n    at withEnv (file:///C:/Users/menum/Downloads/adminmate-ai/node_modules/vitest/dist/chunks/runBaseTests.3qpJUEJM.js:90:5)"],"meta":{}},{"ancestorTitles":["26A.5.1 ΓÇö chat_messages cross-tenant UPDATE/DELETE"],"fullName":"26A.5.1 ΓÇö chat_messages cross-tenant UPDATE/DELETE A4: Company B DELETE blocked from Company A rows","status":"failed","title":"A4: Company B DELETE blocked from Company A rows","duration":115.70269999999982,"failureMessages":["AssertionError: expected false to be true // Object.is equality\n    at C:\\Users\\menum\\Downloads\\adminmate-ai\\tests\\integration\\release26a51.rest-crud-privacy.integration.test.ts:82:64\n    at processTicksAndRejections (node:internal/process/task_queues:104:5)\n    at file:///C:/Users/menum/Downloads/adminmate-ai/node_modules/@vitest/runner/dist/index.js:533:5\n    at runTest (file:///C:/Users/menum/Downloads/adminmate-ai/node_modules/@vitest/runner/dist/index.js:1056:11)\n    at runSuite (file:///C:/Users/menum/Downloads/adminmate-ai/node_modules/@vitest/runner/dist/index.js:1205:15)\n    at runSuite (file:///C:/Users/menum/Downloads/adminmate-ai/node_modules/@vitest/runner/dist/index.js:1205:15)\n    at runFiles (file:///C:/Users/menum/Downloads/adminmate-ai/node_modules/@vitest/runner/dist/index.js:1262:5)\n    at startTests (file:///C:/Users/menum/Downloads/adminmate-ai/node_modules/@vitest/runner/dist/index.js:1271:3)\n    at file:///C:/Users/menum/Downloads/adminmate-ai/node_modules/vitest/dist/chunks/runBaseTests.3qpJUEJM.js:126:11\n    at withEnv (file:///C:/Users/menum/Downloads/adminmate-ai/node_modules/vitest/dist/chunks/runBaseTests.3qpJUEJM.js:90:5)"],"meta":{}},{"ancestorTitles":["26A.5.1 ΓÇö messages cross-tenant UPDATE/DELETE"],"fullName":"26A.5.1 ΓÇö messages cross-tenant UPDATE/DELETE B1: Company A PATCH blocked from Company B","status":"failed","title":"B1: Company A PATCH blocked from Company B","duration":106.07419999999956,"failureMessages":["AssertionError: expected false to be true // Object.is equality\n    at C:\\Users\\menum\\Downloads\\adminmate-ai\\tests\\integration\\release26a51.rest-crud-privacy.integration.test.ts:92:64\n    at processTicksAndRejections (node:internal/process/task_queues:104:5)\n    at file:///C:/Users/menum/Downloads/adminmate-ai/node_modules/@vitest/runner/dist/index.js:533:5\n    at runTest (file:///C:/Users/menum/Downloads/adminmate-ai/node_modules/@vitest/runner/dist/index.js:1056:11)\n    at runSuite (file:///C:/Users/menum/Downloads/adminmate-ai/node_modules/@vitest/runner/dist/index.js:1205:15)\n    at runSuite (file:///C:/Users/menum/Downloads/adminmate-ai/node_modules/@vitest/runner/dist/index.js:1205:15)\n    at runFiles (file:///C:/Users/menum/Downloads/adminmate-ai/node_modules/@vitest/runner/dist/index.js:1262:5)\n    at startTests (file:///C:/Users/menum/Downloads/adminmate-ai/node_modules/@vitest/runner/dist/index.js:1271:3)\n    at file:///C:/Users/menum/Downloads/adminmate-ai/node_modules/vitest/dist/chunks/runBaseTests.3qpJUEJM.js:126:11\n    at withEnv (file:///C:/Users/menum/Downloads/adminmate-ai/node_modules/vitest/dist/chunks/runBaseTests.3qpJUEJM.js:90:5)"],"meta":{}},{"ancestorTitles":["26A.5.1 ΓÇö messages cross-tenant UPDATE/DELETE"],"fullName":"26A.5.1 ΓÇö messages cross-tenant UPDATE/DELETE B2: Company B PATCH blocked from Company A","status":"failed","title":"B2: Company B PATCH blocked from Company A","duration":100.62519999999995,"failureMessages":["AssertionError: expected false to be true // Object.is equality\n    at C:\\Users\\menum\\Downloads\\adminmate-ai\\tests\\integration\\release26a51.rest-crud-privacy.integration.test.ts:97:64\n    at processTicksAndRejections (node:internal/process/task_queues:104:5)\n    at file:///C:/Users/menum/Downloads/adminmate-ai/node_modules/@vitest/runner/dist/index.js:533:5\n    at runTest (file:///C:/Users/menum/Downloads/adminmate-ai/node_modules/@vitest/runner/dist/index.js:1056:11)\n    at runSuite (file:///C:/Users/menum/Downloads/adminmate-ai/node_modules/@vitest/runner/dist/index.js:1205:15)\n    at runSuite (file:///C:/Users/menum/Downloads/adminmate-ai/node_modules/@vitest/runner/dist/index.js:1205:15)\n    at runFiles (file:///C:/Users/menum/Downloads/adminmate-ai/node_modules/@vitest/runner/dist/index.js:1262:5)\n    at startTests (file:///C:/Users/menum/Downloads/adminmate-ai/node_modules/@vitest/runner/dist/index.js:1271:3)\n    at file:///C:/Users/menum/Downloads/adminmate-ai/node_modules/vitest/dist/chunks/runBaseTests.3qpJUEJM.js:126:11\n    at withEnv (file:///C:/Users/menum/Downloads/adminmate-ai/node_modules/vitest/dist/chunks/runBaseTests.3qpJUEJM.js:90:5)"],"meta":{}},{"ancestorTitles":["26A.5.1 ΓÇö messages cross-tenant UPDATE/DELETE"],"fullName":"26A.5.1 ΓÇö messages cross-tenant UPDATE/DELETE B3: Company A DELETE blocked from Company B","status":"passed","title":"B3: Company A DELETE blocked from Company B","duration":8.68309999999974,"failureMessages":[],"meta":{}},{"ancestorTitles":["26A.5.1 ΓÇö messages cross-tenant UPDATE/DELETE"],"fullName":"26A.5.1 ΓÇö messages cross-tenant UPDATE/DELETE B4: Company B DELETE blocked from Company A","status":"passed","title":"B4: Company B DELETE blocked from Company A","duration":11.531500000000051,"failureMessages":[],"meta":{}},{"ancestorTitles":["26A.5.1 ΓÇö conversation_threads cross-tenant UPDATE/DELETE"],"fullName":"26A.5.1 ΓÇö conversation_threads cross-tenant UPDATE/DELETE C1: Company A PATCH blocked from Company B","status":"failed","title":"C1: Company A PATCH blocked from Company B","duration":102.30299999999988,"failureMessages":["AssertionError: expected false to be true // Object.is equality\n    at C:\\Users\\menum\\Downloads\\adminmate-ai\\tests\\integration\\release26a51.rest-crud-privacy.integration.test.ts:117:64\n    at processTicksAndRejections (node:internal/process/task_queues:104:5)\n    at file:///C:/Users/menum/Downloads/adminmate-ai/node_modules/@vitest/runner/dist/index.js:533:5\n    at runTest (file:///C:/Users/menum/Downloads/adminmate-ai/node_modules/@vitest/runner/dist/index.js:1056:11)\n    at runSuite (file:///C:/Users/menum/Downloads/adminmate-ai/node_modules/@vitest/runner/dist/index.js:1205:15)\n    at runSuite (file:///C:/Users/menum/Downloads/adminmate-ai/node_modules/@vitest/runner/dist/index.js:1205:15)\n    at runFiles (file:///C:/Users/menum/Downloads/adminmate-ai/node_modules/@vitest/runner/dist/index.js:1262:5)\n    at startTests (file:///C:/Users/menum/Downloads/adminmate-ai/node_modules/@vitest/runner/dist/index.js:1271:3)\n    at file:///C:/Users/menum/Downloads/adminmate-ai/node_modules/vitest/dist/chunks/runBaseTests.3qpJUEJM.js:126:11\n    at withEnv (file:///C:/Users/menum/Downloads/adminmate-ai/node_modules/vitest/dist/chunks/runBaseTests.3qpJUEJM.js:90:5)"],"meta":{}},{"ancestorTitles":["26A.5.1 ΓÇö conversation_threads cross-tenant UPDATE/DELETE"],"fullName":"26A.5.1 ΓÇö conversation_threads cross-tenant UPDATE/DELETE C2: Company B PATCH blocked from Company A","status":"failed","title":"C2: Company B PATCH blocked from Company A","duration":100.00950000000012,"failureMessages":["AssertionError: expected false to be true // Object.is equality\n    at C:\\Users\\menum\\Downloads\\adminmate-ai\\tests\\integration\\release26a51.rest-crud-privacy.integration.test.ts:122:64\n    at processTicksAndRejections (node:internal/process/task_queues:104:5)\n    at file:///C:/Users/menum/Downloads/adminmate-ai/node_modules/@vitest/runner/dist/index.js:533:5\n    at runTest (file:///C:/Users/menum/Downloads/adminmate-ai/node_modules/@vitest/runner/dist/index.js:1056:11)\n    at runSuite (file:///C:/Users/menum/Downloads/adminmate-ai/node_modules/@vitest/runner/dist/index.js:1205:15)\n    at runSuite (file:///C:/Users/menum/Downloads/adminmate-ai/node_modules/@vitest/runner/dist/index.js:1205:15)\n    at runFiles (file:///C:/Users/menum/Downloads/adminmate-ai/node_modules/@vitest/runner/dist/index.js:1262:5)\n    at startTests (file:///C:/Users/menum/Downloads/adminmate-ai/node_modules/@vitest/runner/dist/index.js:1271:3)\n    at file:///C:/Users/menum/Downloads/adminmate-ai/node_modules/vitest/dist/chunks/runBaseTests.3qpJUEJM.js:126:11\n    at withEnv (file:///C:/Users/menum/Downloads/adminmate-ai/node_modules/vitest/dist/chunks/runBaseTests.3qpJUEJM.js:90:5)"],"meta":{}},{"ancestorTitles":["26A.5.1 ΓÇö conversation_threads cross-tenant UPDATE/DELETE"],"fullName":"26A.5.1 ΓÇö conversation_threads cross-tenant UPDATE/DELETE C3: Company A DELETE blocked from Company B","status":"passed","title":"C3: Company A DELETE blocked from Company B","duration":9.205199999999422,"failureMessages":[],"meta":{}},{"ancestorTitles":["26A.5.1 ΓÇö conversation_threads cross-tenant UPDATE/DELETE"],"fullName":"26A.5.1 ΓÇö conversation_threads cross-tenant UPDATE/DELETE C4: Company B DELETE blocked from Company A","status":"passed","title":"C4: Company B DELETE blocked from Company A","duration":8.475499999999556,"failureMessages":[],"meta":{}},{"ancestorTitles":["26A.5.1 ΓÇö chat_platform_connections cross-tenant + role restriction"],"fullName":"26A.5.1 ΓÇö chat_platform_connections cross-tenant + role restriction D1: Company A admin SELECT own connections","status":"failed","title":"D1: Company A admin SELECT own connections","duration":97.56620000000021,"failureMessages":["AssertionError: expected 500 to be 200 // Object.is equality\n    at C:\\Users\\menum\\Downloads\\adminmate-ai\\tests\\integration\\release26a51.rest-crud-privacy.integration.test.ts:143:20\n    at processTicksAndRejections (node:internal/process/task_queues:104:5)\n    at file:///C:/Users/menum/Downloads/adminmate-ai/node_modules/@vitest/runner/dist/index.js:533:5\n    at runTest (file:///C:/Users/menum/Downloads/adminmate-ai/node_modules/@vitest/runner/dist/index.js:1056:11)\n    at runSuite (file:///C:/Users/menum/Downloads/adminmate-ai/node_modules/@vitest/runner/dist/index.js:1205:15)\n    at runSuite (file:///C:/Users/menum/Downloads/adminmate-ai/node_modules/@vitest/runner/dist/index.js:1205:15)\n    at runFiles (file:///C:/Users/menum/Downloads/adminmate-ai/node_modules/@vitest/runner/dist/index.js:1262:5)\n    at startTests (file:///C:/Users/menum/Downloads/adminmate-ai/node_modules/@vitest/runner/dist/index.js:1271:3)\n    at file:///C:/Users/menum/Downloads/adminmate-ai/node_modules/vitest/dist/chunks/runBaseTests.3qpJUEJM.js:126:11\n    at withEnv (file:///C:/Users/menum/Downloads/adminmate-ai/node_modules/vitest/dist/chunks/runBaseTests.3qpJUEJM.js:90:5)"],"meta":{}},{"ancestorTitles":["26A.5.1 ΓÇö chat_platform_connections cross-tenant + role restriction"],"fullName":"26A.5.1 ΓÇö chat_platform_connections cross-tenant + role restriction D2: Company A INSERT blocked from Company B","status":"passed","title":"D2: Company A INSERT blocked from Company B","duration":95.59439999999995,"failureMessages":[],"meta":{}},{"ancestorTitles":["26A.5.1 ΓÇö chat_platform_connections cross-tenant + role restriction"],"fullName":"26A.5.1 ΓÇö chat_platform_connections cross-tenant + role restriction D3: Company A PATCH blocked from Company B","status":"failed","title":"D3: Company A PATCH blocked from Company B","duration":94.2555999999995,"failureMessages":["AssertionError: expected false to be true // Object.is equality\n    at C:\\Users\\menum\\Downloads\\adminmate-ai\\tests\\integration\\release26a51.rest-crud-privacy.integration.test.ts:156:64\n    at processTicksAndRejections (node:internal/process/task_queues:104:5)\n    at file:///C:/Users/menum/Downloads/adminmate-ai/node_modules/@vitest/runner/dist/index.js:533:5\n    at runTest (file:///C:/Users/menum/Downloads/adminmate-ai/node_modules/@vitest/runner/dist/index.js:1056:11)\n    at runSuite (file:///C:/Users/menum/Downloads/adminmate-ai/node_modules/@vitest/runner/dist/index.js:1205:15)\n    at runSuite (file:///C:/Users/menum/Downloads/adminmate-ai/node_modules/@vitest/runner/dist/index.js:1205:15)\n    at runFiles (file:///C:/Users/menum/Downloads/adminmate-ai/node_modules/@vitest/runner/dist/index.js:1262:5)\n    at startTests (file:///C:/Users/menum/Downloads/adminmate-ai/node_modules/@vitest/runner/dist/index.js:1271:3)\n    at file:///C:/Users/menum/Downloads/adminmate-ai/node_modules/vitest/dist/chunks/runBaseTests.3qpJUEJM.js:126:11\n    at withEnv (file:///C:/Users/menum/Downloads/adminmate-ai/node_modules/vitest/dist/chunks/runBaseTests.3qpJUEJM.js:90:5)"],"meta":{}},{"ancestorTitles":["26A.5.1 ΓÇö service-only tables CRUD denial"],"fullName":"26A.5.1 ΓÇö service-only tables CRUD denial E: message_queue SELECT denied","status":"passed","title":"E: message_queue SELECT denied","duration":9.003500000000713,"failureMessages":[],"meta":{}},{"ancestorTitles":["26A.5.1 ΓÇö service-only tables CRUD denial"],"fullName":"26A.5.1 ΓÇö service-only tables CRUD denial E: message_queue INSERT denied","status":"passed","title":"E: message_queue INSERT denied","duration":12.706900000000132,"failureMessages":[],"meta":{}},{"ancestorTitles":["26A.5.1 ΓÇö service-only tables CRUD denial"],"fullName":"26A.5.1 ΓÇö service-only tables CRUD denial E: message_queue PATCH denied","status":"passed","title":"E: message_queue PATCH denied","duration":8.522399999999834,"failureMessages":[],"meta":{}},{"ancestorTitles":["26A.5.1 ΓÇö service-only tables CRUD denial"],"fullName":"26A.5.1 ΓÇö service-only tables CRUD denial E: message_queue DELETE denied","status":"passed","title":"E: message_queue DELETE denied","duration":13.389200000000528,"failureMessages":[],"meta":{}},{"ancestorTitles":["26A.5.1 ΓÇö service-only tables CRUD denial"],"fullName":"26A.5.1 ΓÇö service-only tables CRUD denial E: platform_sync_log SELECT denied","status":"passed","title":"E: platform_sync_log SELECT denied","duration":8.510000000000218,"failureMessages":[],"meta":{}},{"ancestorTitles":["26A.5.1 ΓÇö service-only tables CRUD denial"],"fullName":"26A.5.1 ΓÇö service-only tables CRUD denial E: platform_sync_log INSERT denied","status":"passed","title":"E: platform_sync_log INSERT denied","duration":5.791599999999562,"failureMessages":[],"meta":{}},{"ancestorTitles":["26A.5.1 ΓÇö service-only tables CRUD denial"],"fullName":"26A.5.1 ΓÇö service-only tables CRUD denial E: platform_sync_log PATCH denied","status":"passed","title":"E: platform_sync_log PATCH denied","duration":6.948900000000322,"failureMessages":[],"meta":{}},{"ancestorTitles":["26A.5.1 ΓÇö service-only tables CRUD denial"],"fullName":"26A.5.1 ΓÇö service-only tables CRUD denial E: platform_sync_log DELETE denied","status":"passed","title":"E: platform_sync_log DELETE denied","duration":7.776700000000346,"failureMessages":[],"meta":{}},{"ancestorTitles":["26A.5.1 ΓÇö service-only tables CRUD denial"],"fullName":"26A.5.1 ΓÇö service-only tables CRUD denial E: system_health SELECT denied","status":"passed","title":"E: system_health SELECT denied","duration":8.345699999999852,"failureMessages":[],"meta":{}},{"ancestorTitles":["26A.5.1 ΓÇö service-only tables CRUD denial"],"fullName":"26A.5.1 ΓÇö service-only tables CRUD denial E: system_health INSERT denied","status":"passed","title":"E: system_health INSERT denied","duration":5.929200000000492,"failureMessages":[],"meta":{}},{"ancestorTitles":["26A.5.1 ΓÇö service-only tables CRUD denial"],"fullName":"26A.5.1 ΓÇö service-only tables CRUD denial E: system_health PATCH denied","status":"passed","title":"E: system_health PATCH denied","duration":5.331500000000233,"failureMessages":[],"meta":{}},{"ancestorTitles":["26A.5.1 ΓÇö service-only tables CRUD denial"],"fullName":"26A.5.1 ΓÇö service-only tables CRUD denial E: system_health DELETE denied","status":"passed","title":"E: system_health DELETE denied","duration":7.539900000000671,"failureMessages":[],"meta":{}},{"ancestorTitles":["26A.5.1 ΓÇö global reference tables full CRUD denial"],"fullName":"26A.5.1 ΓÇö global reference tables full CRUD denial F: document_type_configs SELECT works","status":"passed","title":"F: document_type_configs SELECT works","duration":12.039699999999357,"failureMessages":[],"meta":{}},{"ancestorTitles":["26A.5.1 ΓÇö global reference tables full CRUD denial"],"fullName":"26A.5.1 ΓÇö global reference tables full CRUD denial F: document_type_configs INSERT denied","status":"passed","title":"F: document_type_configs INSERT denied","duration":9.00500000000011,"failureMessages":[],"meta":{}},{"ancestorTitles":["26A.5.1 ΓÇö global reference tables full CRUD denial"],"fullName":"26A.5.1 ΓÇö global reference tables full CRUD denial F: document_type_configs PATCH denied","status":"passed","title":"F: document_type_configs PATCH denied","duration":25.07849999999962,"failureMessages":[],"meta":{}},{"ancestorTitles":["26A.5.1 ΓÇö global reference tables full CRUD denial"],"fullName":"26A.5.1 ΓÇö global reference tables full CRUD denial F: document_type_configs DELETE denied","status":"passed","title":"F: document_type_configs DELETE denied","duration":21.84820000000036,"failureMessages":[],"meta":{}},{"ancestorTitles":["26A.5.1 ΓÇö global reference tables full CRUD denial"],"fullName":"26A.5.1 ΓÇö global reference tables full CRUD denial F: immigration_case_types SELECT works","status":"passed","title":"F: immigration_case_types SELECT works","duration":8.134799999999814,"failureMessages":[],"meta":{}},{"ancestorTitles":["26A.5.1 ΓÇö global reference tables full CRUD denial"],"fullName":"26A.5.1 ΓÇö global reference tables full CRUD denial F: immigration_case_types INSERT denied","status":"passed","
[...]
ssed","title":"returns false on error","duration":1.057299999999941,"failureMessages":[],"meta":{}},{"ancestorTitles":["permissionService","hasRole"],"fullName":"permissionService hasRole returns true when user has the role","status":"passed","title":"returns true when user has the role","duration":0.6292999999996027,"failureMessages":[],"meta":{}},{"ancestorTitles":["permissionService","hasRole"],"fullName":"permissionService hasRole returns false when user lacks the role","status":"passed","title":"returns false when user lacks the role","duration":0.26929999999993015,"failureMessages":[],"meta":{}},{"ancestorTitles":["permissionService","hasAnyRole"],"fullName":"permissionService hasAnyRole returns true when user has any of the roles","status":"passed","title":"returns true when user has any of the roles","duration":0.6789000000003398,"failureMessages":[],"meta":{}},{"ancestorTitles":["permissionService","getUserRoleNames"],"fullName":"permissionService getUserRoleNames returns role name array","status":"passed","title":"returns role name array","duration":0.4749000000001615,"failureMessages":[],"meta":{}},{"ancestorTitles":["permissionService","getUserRoleNames"],"fullName":"permissionService getUserRoleNames returns empty array on error","status":"passed","title":"returns empty array on error","duration":0.5266999999998916,"failureMessages":[],"meta":{}},{"ancestorTitles":["permissionService","RBAC legacy fallback (dual-mode)"],"fullName":"permissionService RBAC legacy fallback (dual-mode) has_role returns true for legacy admin user via fallback","status":"passed","title":"has_role returns true for legacy admin user via fallback","duration":0.34819999999990614,"failureMessages":[],"meta":{}},{"ancestorTitles":["permissionService","RBAC legacy fallback (dual-mode)"],"fullName":"permissionService RBAC legacy fallback (dual-mode) has_permission returns true for legacy hr user via fallback","status":"passed","title":"has_permission returns true for legacy hr user via fallback","duration":0.593199999999797,"failureMessages":[],"meta":{}},{"ancestorTitles":["permissionService","RBAC legacy fallback (dual-mode)"],"fullName":"permissionService RBAC legacy fallback (dual-mode) getUserRoleNames returns legacy role via fallback","status":"passed","title":"getUserRoleNames returns legacy role via fallback","duration":0.35570000000006985,"failureMessages":[],"meta":{}}],"startTime":1782668563326,"endTime":1782668563336.3557,"status":"passed","message":"","name":"C:/Users/menum/Downloads/adminmate-ai/tests/unit/services/permissionService.test.ts"},{"assertionResults":[{"ancestorTitles":["referralService"],"fullName":"referralService getReferrals queries by company_id","status":"passed","title":"getReferrals queries by company_id","duration":3.214300000000094,"failureMessages":[],"meta":{}},{"ancestorTitles":["referralService"],"fullName":"referralService getMyReferrals queries by referrer_user_id","status":"passed","title":"getMyReferrals queries by referrer_user_id","duration":0.8310999999998785,"failureMessages":[],"meta":{}},{"ancestorTitles":["referralService"],"fullName":"referralService createReferral inserts referral","status":"passed","title":"createReferral inserts referral","duration":1.1170999999999367,"failureMessages":[],"meta":{}},{"ancestorTitles":["referralService"],"fullName":"referralService updateReferralStatus updates status + timestamp","status":"passed","title":"updateReferralStatus updates status + timestamp","duration":0.685399999999845,"failureMessages":[],"meta":{}},{"ancestorTitles":["referralService"],"fullName":"referralService setReferralBonus sets amount + approved status","status":"passed","title":"setReferralBonus sets amount + approved status","duration":0.595600000000104,"failureMessages":[],"meta":{}},{"ancestorTitles":["referralService"],"fullName":"referralService markBonusPaid updates bonus_status","status":"passed","title":"markBonusPaid updates bonus_status","duration":0.527599999999893,"failureMessages":[],"meta":{}},{"ancestorTitles":["referralService"],"fullName":"referralService deleteReferral returns true on success","status":"passed","title":"deleteReferral returns true on success","duration":0.35750000000007276,"failureMessages":[],"meta":{}}],"startTime":1782668563415,"endTime":1782668563422.5276,"status":"passed","message":"","name":"C:/Users/menum/Downloads/adminmate-ai/tests/unit/services/referralService.test.ts"},{"assertionResults":[{"ancestorTitles":["rlsDriftService","getPolicyDiff"],"fullName":"rlsDriftService getPolicyDiff returns empty array when policies match","status":"passed","title":"returns empty array when policies match","duration":2.307900000000245,"failureMessages":[],"meta":{}},{"ancestorTitles":["rlsDriftService","getPolicyDiff"],"fullName":"rlsDriftService getPolicyDiff detects removed policy","status":"passed","title":"detects removed policy","duration":2.3443999999999505,"failureMessages":[],"meta":{}},{"ancestorTitles":["rlsDriftService","getPolicyDiff"],"fullName":"rlsDriftService getPolicyDiff detects added policy","status":"passed","title":"detects added policy","duration":0.7105000000001382,"failureMessages":[],"meta":{}},{"ancestorTitles":["rlsDriftService","getPolicyDiff"],"fullName":"rlsDriftService getPolicyDiff detects modified definition","status":"passed","title":"detects modified definition","duration":0.7847000000001572,"failureMessages":[],"meta":{}},{"ancestorTitles":["rlsDriftService","getPolicyDiff"],"fullName":"rlsDriftService getPolicyDiff detects modified roles","status":"passed","title":"detects modified roles","duration":0.9674999999997453,"failureMessages":[],"meta":{}},{"ancestorTitles":["rlsDriftService","getPolicyDiff"],"fullName":"rlsDriftService getPolicyDiff detects multiple field changes","status":"passed","title":"detects multiple field changes","duration":0.6316999999999098,"failureMessages":[],"meta":{}},{"ancestorTitles":["rlsDriftService","getPolicyDiff"],"fullName":"rlsDriftService getPolicyDiff detects added and removed simultaneously","status":"passed","title":"detects added and removed simultaneously","duration":0.5691000000001623,"failureMessages":[],"meta":{}},{"ancestorTitles":["rlsDriftService","detectDrift"],"fullName":"rlsDriftService detectDrift returns no drift when policies match baseline","status":"passed","title":"returns no drift when policies match baseline","duration":1.0124000000000706,"failureMessages":[],"meta":{}},{"ancestorTitles":["rlsDriftService","detectDrift"],"fullName":"rlsDriftService detectDrift returns drift when policies differ","status":"passed","title":"returns drift when policies differ","duration":0.4513999999999214,"failureMessages":[],"meta":{}},{"ancestorTitles":["rlsDriftService","detectDrift"],"fullName":"rlsDriftService detectDrift returns no drift on RPC error","status":"passed","title":"returns no drift on RPC error","duration":1.4010000000002947,"failureMessages":[],"meta":{}},{"ancestorTitles":["rlsDriftService","alertOnDrift"],"fullName":"rlsDriftService alertOnDrift returns false when no drift detected","status":"passed","title":"returns false when no drift detected","duration":0.7672999999999774,"failureMessages":[],"meta":{}},{"ancestorTitles":["rlsDriftService","alertOnDrift"],"fullName":"rlsDriftService alertOnDrift inserts audit log and returns true when drift detected","status":"passed","title":"inserts audit log and returns true when drift detected","duration":2.4059000000002015,"failureMessages":[],"meta":{}},{"ancestorTitles":["rlsDriftService","alertOnDrift"],"fullName":"rlsDriftService alertOnDrift returns false on insert error","status":"passed","title":"returns false on insert error","duration":0.5488000000000284,"failureMessages":[],"meta":{}}],"startTime":1782668556845,"endTime":1782668556861.5488,"status":"passed","message":"","name":"C:/Users/menum/Downloads/adminmate-ai/tests/unit/services/rlsDriftService.test.ts"},{"assertionResults":[{"ancestorTitles":["searchService","globalSearch"],"fullName":"searchService globalSearch returns empty results for query shorter than 3 characters","status":"passed","title":"returns empty results for query shorter than 3 characters","duration":3.0821999999998297,"failureMessages":[],"meta":{}},{"ancestorTitles":["searchService","globalSearch"],"fullName":"searchService globalSearch returns empty results for empty query","status":"passed","title":"returns empty results for empty query","duration":0.5522000000000844,"failureMessages":[],"meta":{}},{"ancestorTitles":["searchService","globalSearch"],"fullName":"searchService globalSearch returns empty results for whitespace-only query","status":"passed","title":"returns empty results for whitespace-only query","duration":0.43209999999999127,"failureMessages":[],"meta":{}},{"ancestorTitles":["searchService","globalSearch"],"fullName":"searchService globalSearch performs search with valid query and maps results correctly","status":"passed","title":"performs search with valid query and maps results correctly","duration":2.71329999999989,"failureMessages":[],"meta":{}},{"ancestorTitles":["searchService","globalSearch"],"fullName":"searchService globalSearch escapes % wildcard characters to prevent LIKE injection","status":"passed","title":"escapes % wildcard characters to prevent LIKE injection","duration":0.7724000000002889,"failureMessages":[],"meta":{}},{"ancestorTitles":["searchService","globalSearch"],"fullName":"searchService globalSearch escapes _ wildcard characters to prevent LIKE injection","status":"passed","title":"escapes _ wildcard characters to prevent LIKE injection","duration":0.6200999999996384,"failureMessages":[],"meta":{}},{"ancestorTitles":["searchService","globalSearch"],"fullName":"searchService globalSearch escapes mixed % and _ characters","status":"passed","title":"escapes mixed % and _ characters","duration":0.4537000000000262,"failureMessages":[],"meta":{}},{"ancestorTitles":["searchService","globalSearch"],"fullName":"searchService globalSearch handles null data gracefully","status":"passed","title":"handles null data gracefully","duration":0.5050000000001091,"failureMessages":[],"meta":{}},{"ancestorTitles":["searchService","globalSearch"],"fullName":"searchService globalSearch passes company_id to all queries","status":"passed","title":"passes company_id to all queries","duration":1.0552000000002408,"failureMessages":[],"meta":{}}],"startTime":1782668560748,"endTime":1782668560758.0552,"status":"passed","message":"","name":"C:/Users/menum/Downloads/adminmate-ai/tests/unit/services/searchService.test.ts"},{"assertionResults":[{"ancestorTitles":["sensitiveFieldService","getSensitiveFieldNames"],"fullName":"sensitiveFieldService getSensitiveFieldNames returns field names from RPC","status":"passed","title":"returns field names from RPC","duration":18.44840000000022,"failureMessages":[],"meta":{}},{"ancestorTitles":["sensitiveFieldService","getSensitiveFieldNames"],"fullName":"sensitiveFieldService getSensitiveFieldNames returns empty array on error","status":"passed","title":"returns empty array on error","duration":3.442700000000059,"failureMessages":[],"meta":{}},{"ancestorTitles":["sensitiveFieldService","excludeSensitiveFields"],"fullName":"sensitiveFieldService excludeSensitiveFields removes sensitive fields from data object","status":"passed","title":"removes sensitive fields from data object","duration":3.922700000000077,"failureMessages":[],"meta":{}},{"ancestorTitles":["sensitiveFieldService","isSensitiveFieldSync"],"fullName":"sensitiveFieldService isSensitiveFieldSync returns false when cache is not populated","status":"passed","title":"returns false when cache is not populated","duration":2.9025000000001455,"failureMessages":[],"meta":{}},{"ancestorTitles":["sensitiveFieldService","sensitive_field_registry naming"],"fullName":"sensitiveFieldService sensitive_field_registry naming calls RPC function matching migration table name (sensitive_field_registry)","status":"passed","title":"calls RPC function matching migration table name (sensitive_field_registry)","duration":3.384399999999914,"failureMessages":[],"meta":{}}],"startTime":1782668565653,"endTime":1782668565685.3845,"status":"passed","message":"","name":"C:/Users/menum/Downloads/adminmate-ai/tests/unit/services/sensitiveFieldService.test.ts"},{"assertionResults":[{"ancestorTitles":["signatureService","signDocument"],"fullName":"signatureService signDocument signs document with valid signatureId and token","status":"passed","title":"signs document with valid signatureId and token","duration":4.536000000000058,"failureMessages":[],"meta":{}},{"ancestorTitles":["signatureService","signDocument"],"fullName":"signatureService signDocument throws when token does not match","status":"passed","title":"throws when token does not match","duration":2.168500000000222,"failureMessages":[],"meta":{}},{"ancestorTitles":["signatureService","signDocument"],"fullName":"signatureService signDocument uses correct verification_token filter","status":"passed","title":"uses correct verification_token filter","duration":0.9288000000001375,"failureMessages":[],"meta":{}},{"ancestorTitles":["signatureService","signDocument"],"fullName":"signatureService signDocument throws on database error","status":"passed","title":"throws on database error","duration":0.7221999999997024,"failureMessages":[],"meta":{}},{"ancestorTitles":["signatureService","declineSignature"],"fullName":"signatureService declineSignature declines signature with valid token","status":"passed","title":"declines signature with valid token","duration":0.5808000000001812,"failureMessages":[],"meta":{}},{"ancestorTitles":["signatureService","declineSignature"],"fullName":"signatureService declineSignature throws when token does not match","status":"passed","title":"throws when token does not match","duration":0.5788000000002285,"failureMessages":[],"meta":{}},{"ancestorTitles":["signatureService","declineSignature"],"fullName":"signatureService declineSignature uses correct verification_token filter","status":"passed","title":"uses correct verification_token filter","duration":0.6048000000000684,"failureMessages":[],"meta":{}},{"ancestorTitles":["signatureService","declineSignature"],"fullName":"signatureService declineSignature accepts decline without reason","status":"passed","title":"accepts decline without reason","duration":0.48900000000003274,"failureMessages":[],"meta":{}},{"ancestorTitles":["signatureService","getByVerificationToken"],"fullName":"signatureService getByVerificationToken returns signature with document data for valid token","status":"passed","title":"returns signature with document data for valid token","duration":0.5896999999999935,"failureMessages":[],"meta":{}},{"ancestorTitles":["signatureService","getByVerificationToken"],"fullName":"signatureService getByVerificationToken throws on missing token","status":"passed","title":"throws on missing token","duration":0.5940000000000509,"failureMessages":[],"meta":{}}],"startTime":1782668556190,"endTime":1782668556202.594,"status":"passed","message":"","name":"C:/Users/menum/Downloads/adminmate-ai/tests/unit/services/signatureService.test.ts"},{"assertionResults":[{"ancestorTitles":["storageService","uploadCV"],"fullName":"storageService uploadCV uploads a valid CV file successfully","status":"passed","title":"uploads a valid CV file successfully","duration":2.6847999999999956,"failureMessages":[],"meta":{}},{"ancestorTitles":["storageService","uploadCV"],"fullName":"storageService uploadCV rejects invalid candidateId (non-UUID)","status":"passed","title":"rejects invalid candidateId (non-UUID)","duration":2.1383999999998196,"failureMessages":[],"meta":{}},{"ancestorTitles":["storageService","uploadCV"],"fullName":"storageService uploadCV rejects empty candidateId","status":"passed","title":"rejects empty candidateId","duration":0.6182000000003427,"failureMessages":[],"meta":{}},{"ancestorTitles":["storageService","uploadCV"],"fullName":"storageService uploadCV rejects disallowed MIME type","status":"passed","title":"rejects disallowed MIME type","duration":0.5244999999999891,"failureMessages":[],"meta":{}},{"ancestorTitles":["storageService","uploadCV"],"fullName":"storageService uploadCV rejects file exceeding MAX_FILE_SIZE","status":"passed","title":"rejects file exceeding MAX_FILE_SIZE","duration":0.4963999999999942,"failureMessages":[],"meta":{}},{"ancestorTitles":["storageService","uploadCV"],"fullName":"storageService uploadCV accepts file at exactly MAX_FILE_SIZE","status":"passed","title":"accepts file at exactly MAX_FILE_SIZE","duration":0.3486000000002605,"failureMessages":[],"meta":{}},{"ancestorTitles":["storageService","uploadCV"],"fullName":"storageService uploadCV accepts all allowed MIME types","status":"passed","title":"accepts all allowed MIME types","duration":0.5789999999997235,"failureMessages":[],"meta":{}},{"ancestorTitles":["storageService","uploadCV"],"fullName":"storageService uploadCV sanitizes malicious file name","status":"passed","title":"sanitizes malicious file name","duration":0.3884000000002743,"failureMessages":[],"meta":{}},{"ancestorTitles":["storageService","uploadCV"],"fullName":"storageService uploadCV throws supabase upload error","status":"passed","title":"throws supabase upload error","duration":0.49139999999988504,"failureMessages":[],"meta":{}},{"ancestorTitles":["storageService","uploadLogo"],"fullName":"storageService uploadLogo uploads a valid logo successfully","status":"passed","title":"uploads a valid logo successfully","duration":0.4549000000001797,"failureMessages":[],"meta":{}},{"ancestorTitles":["storageService","uploadLogo"],"fullName":"storageService uploadLogo rejects invalid companyId","status":"passed","title":"rejects invalid companyId","duration":0.48099999999976717,"failureMessages":[],"meta":{}},{"ancestorTitles":["storageService","uploadLogo"],"fullName":"storageService uploadLogo rejects non-image MIME type","status":"passed","title":"rejects non-image MIME type","duration":0.4920000000001892,"failureMessages":[],"meta":{}},{"ancestorTitles":["storageService","uploadLogo"],"fullName":"storageService uploadLogo rejects file exceeding MAX_IMAGE_SIZE","status":"passed","title":"rejects file exceeding MAX_IMAGE_SIZE","duration":0.43780000000015207,"failureMessages":[],"meta":{}},{"ancestorTitles":["storageService","uploadLogo"],"fullName":"storageService uploadLogo accepts file at exactly MAX_IMAGE_SIZE","status":"passed","title":"accepts file at exactly MAX_IMAGE_SIZE","duration":0.25769999999965876,"failureMessages":[],"meta":{}},{"ancestorTitles":["storageService","uploadAvatar"],"fullName":"storageService uploadAvatar uploads a valid avatar successfully","status":"passed","title":"uploads a valid avatar successfully","duration":0.37039999999979045,"failureMessages":[],"meta":{}},{"ancestorTitles":["storageService","uploadAvatar"],"fullName":"storageService uploadAvatar rejects invalid userId","status":"passed","title":"rejects invalid userId","duration":0.4547000000002299,"failureMessages":[],"meta":{}},{"ancestorTitles":["storageService","uploadAvatar"],"fullName":"storageService uploadAvatar rejects non-image MIME type","status":"passed","title":"rejects non-image MIME type","duration":0.46010000000023865,"failureMessages":[],"meta":{}},{"ancestorTitles":["storageService","uploadAvatar"],"fullName":"storageService uploadAvatar rejects file exceeding MAX_IMAGE_SIZE","status":"passed","title":"rejects file exceeding MAX_IMAGE_SIZE","duration":0.2887999999998101,"failureMessages":[],"meta":{}},{"ancestorTitles":["storageService","uploadAvatar"],"fullName":"storageService uploadAvatar does NOT pass upsert option","status":"passed","title":"does NOT pass upsert option","duration":0.20479999999997744,"failureMessages":[],"meta":{}}],"startTime":1782668558658,"endTime":1782668558671.2048,"status":"passed","message":"","name":"C:/Users/menum/Downloads/adminmate-ai/tests/unit/services/storageService.test.ts"}]}
